2024-12-12 15:33:21 - QR-Code erfolgreich erstellt für: Florine Toutenburg
2024-12-12 15:33:21 - QR-Code gespeichert unter: /Users/oscarstreich/httpdocs/winterball/qrcode/codes/qrcode_einlass_Florine Toutenburg.png
2024-12-12 15:34:31 - QR-Code erfolgreich erstellt für: Oscar Streich
2024-12-12 15:34:31 - QR-Code gespeichert unter: /Users/oscarstreich/httpdocs/winterball/qrcode/codes/qrcode_einlass_Oscar Streich.png
2024-12-12 16:16:26 - ✅ QR-Code erfolgreich erstellt für: Oscar Streich
2024-12-12 16:16:26 - ✅ QR-Code gespeichert unter: /Users/oscarstreich/httpdocs/winterball/qrcode/codes/qrcode_einlass_Oscar Streich.png
2024-12-12 16:16:26 - ❌ Fehler beim Versenden der E-Mail: Invalid address:  (From): 
2024-12-12 16:17:07 - ✅ QR-Code erfolgreich erstellt für: Oscar Streich
2024-12-12 16:17:07 - ✅ QR-Code gespeichert unter: /Users/oscarstreich/httpdocs/winterball/qrcode/codes/qrcode_einlass_Oscar Streich.png
2024-12-12 16:17:07 - ❌ Fehler beim Versenden der E-Mail: Invalid address:  (From): 
2024-12-12 16:17:09 - ✅ QR-Code erfolgreich erstellt für: Oscar Streich
2024-12-12 16:17:09 - ✅ QR-Code gespeichert unter: /Users/oscarstreich/httpdocs/winterball/qrcode/codes/qrcode_einlass_Oscar Streich.png
2024-12-12 16:17:09 - ❌ Fehler beim Versenden der E-Mail: Invalid address:  (From): 
2024-12-12 16:17:10 - ✅ QR-Code erfolgreich erstellt für: Oscar Streich
2024-12-12 16:17:10 - ✅ QR-Code gespeichert unter: /Users/oscarstreich/httpdocs/winterball/qrcode/codes/qrcode_einlass_Oscar Streich.png
2024-12-12 16:17:10 - ❌ Fehler beim Versenden der E-Mail: Invalid address:  (From): 
2024-12-12 16:18:00 - ✅ QR-Code erfolgreich erstellt für: Oscar Streich
2024-12-12 16:18:00 - ✅ QR-Code gespeichert unter: /Users/oscarstreich/httpdocs/winterball/qrcode/codes/qrcode_einlass_Oscar Streich.png
2024-12-12 16:18:00 - ❌ Fehler beim Versenden der E-Mail: Invalid address:  (From): 
2024-12-12 16:18:13 - ✅ QR-Code erfolgreich erstellt für: Oscar Streich
2024-12-12 16:18:13 - ✅ QR-Code gespeichert unter: /Users/oscarstreich/httpdocs/winterball/qrcode/codes/qrcode_einlass_Oscar Streich.png
2024-12-12 16:18:13 - ❌ Fehler beim Versenden der E-Mail: Invalid address:  (From): 
2024-12-12 16:19:16 - ✅ QR-Code erfolgreich erstellt für: Oscar Streich
2024-12-12 16:19:16 - ✅ QR-Code gespeichert unter: /Users/oscarstreich/httpdocs/winterball/qrcode/codes/qrcode_einlass_Oscar Streich.png
2024-12-12 16:19:42 - ✅ QR-Code erfolgreich erstellt für: Oscar Streich
2024-12-12 16:19:42 - ✅ QR-Code gespeichert unter: /Users/oscarstreich/httpdocs/winterball/qrcode/codes/qrcode_einlass_Oscar Streich.png
2024-12-12 16:19:42 - ❌ Fehler beim Versenden der E-Mail: Invalid address:  (From): 
2024-12-12 16:20:13 - ✅ QR-Code erfolgreich erstellt für: Oscar Streich
2024-12-12 16:20:13 - ✅ QR-Code gespeichert unter: /Users/oscarstreich/httpdocs/winterball/qrcode/codes/qrcode_einlass_Oscar Streich.png
2024-12-12 16:20:13 - ❌ Fehler beim Versenden der E-Mail: Invalid address:  (to): 
2024-12-12 16:20:39 - ✅ QR-Code erfolgreich erstellt für: Oscar Streich
2024-12-12 16:20:39 - ✅ QR-Code gespeichert unter: /Users/oscarstreich/httpdocs/winterball/qrcode/codes/qrcode_einlass_Oscar Streich.png
2024-12-12 16:20:39 - ❌ Fehler beim Versenden der E-Mail: Invalid address:  (to): 
2024-12-12 16:23:24 - ✅ QR-Code erfolgreich erstellt für: Oscar Streich
2024-12-12 16:23:24 - ✅ QR-Code gespeichert unter: /Users/oscarstreich/httpdocs/winterball/qrcode/codes/qrcode_einlass_Oscar Streich.png
2024-12-12 16:23:29 - ✅ E-Mail für Oscar Streich erfolgreich mit QR-Code gesendet an: 
2024-12-12 16:24:33 - ✅ QR-Code erfolgreich erstellt für: Oscar Streich
2024-12-12 16:24:33 - ✅ QR-Code gespeichert unter: /Users/oscarstreich/httpdocs/winterball/qrcode/codes/qrcode_einlass_Oscar Streich.png
2024-12-12 16:24:38 - ✅ E-Mail für Oscar Streich erfolgreich mit QR-Code gesendet an: streiosc@curiegym.de
2024-12-12 16:27:03 - ✅ QR-Code erfolgreich erstellt für: Oscar Streich
2024-12-12 16:27:03 - ✅ QR-Code gespeichert unter: /Users/oscarstreich/httpdocs/winterball/qrcode/codes/qrcode_einlass_Oscar Streich.png
2024-12-12 16:27:11 - ✅ E-Mail für Oscar Streich erfolgreich mit QR-Code gesendet an: streiosc@curiegym.de
2024-12-12 16:33:21 - ✅ QR-Code erfolgreich erstellt für: Oscar Streich
2024-12-12 16:33:21 - ✅ QR-Code gespeichert unter: /Users/oscarstreich/httpdocs/winterball/qrcode/codes/qrcode_einlass_Oscar Streich.png
2024-12-12 16:33:26 - ✅ E-Mail für Oscar Streich erfolgreich mit QR-Code gesendet an: streiosc@curiegym.de
2024-12-12 16:36:12 - ✅ QR-Code erfolgreich erstellt für: Oscar Streich
2024-12-12 16:36:12 - ✅ QR-Code gespeichert unter: /Users/oscarstreich/httpdocs/winterball/qrcode/codes/qrcode_einlass_Oscar Streich.png
2024-12-12 16:36:17 - ✅ E-Mail für Oscar Streich erfolgreich mit QR-Code gesendet an: streiosc@curiegym.de
2024-12-12 16:37:09 - ✅ QR-Code erfolgreich erstellt für: Oscar Streich
2024-12-12 16:37:09 - ✅ QR-Code gespeichert unter: /Users/oscarstreich/httpdocs/winterball/qrcode/codes/qrcode_einlass_Oscar Streich.png
2024-12-12 16:37:14 - ✅ E-Mail für Oscar Streich erfolgreich mit QR-Code gesendet an: streiosc@curiegym.de
2024-12-12 16:41:41 - ✅ QR-Code erfolgreich erstellt für: Oscar Streich
2024-12-12 16:41:41 - ✅ QR-Code gespeichert unter: /Users/oscarstreich/httpdocs/winterball/qrcode/codes/qrcode_einlass_Oscar Streich.png
2024-12-12 16:41:46 - ✅ E-Mail für Oscar Streich erfolgreich mit QR-Code gesendet an: streiosc@curiegym.de
2024-12-12 16:41:46 - ✅ QR-Code erfolgreich erstellt für: Raphael Felix Stark
2024-12-12 16:41:46 - ✅ QR-Code gespeichert unter: /Users/oscarstreich/httpdocs/winterball/qrcode/codes/qrcode_einlass_Raphael Felix Stark.png
2024-12-12 16:41:51 - ✅ E-Mail für Raphael Felix Stark erfolgreich mit QR-Code gesendet an: starkrap@curiegym.de
2024-12-12 16:41:51 - ✅ QR-Code erfolgreich erstellt für: Marla Schmidt
2024-12-12 16:41:51 - ✅ QR-Code gespeichert unter: /Users/oscarstreich/httpdocs/winterball/qrcode/codes/qrcode_einlass_Marla Schmidt.png
2024-12-12 16:41:55 - ✅ E-Mail für Marla Schmidt erfolgreich mit QR-Code gesendet an: schmimar@curiegym.de
2024-12-12 18:00:29 - ✅ QR-Code erfolgreich erstellt für: Oscar Streich
2024-12-12 18:00:29 - ✅ QR-Code gespeichert unter: /Users/oscarstreich/httpdocs/winterball/qrcode/codes/qrcode_einlass_Oscar Streich.png
2024-12-12 18:00:35 - ✅ E-Mail für Oscar Streich erfolgreich mit QR-Code gesendet an: streiosc@curiegym.de
2024-12-12 18:00:35 - ✅ QR-Code erfolgreich erstellt für: Raphael Felix Stark
2024-12-12 18:00:35 - ✅ QR-Code gespeichert unter: /Users/oscarstreich/httpdocs/winterball/qrcode/codes/qrcode_einlass_Raphael Felix Stark.png
2024-12-12 18:00:40 - ✅ E-Mail für Raphael Felix Stark erfolgreich mit QR-Code gesendet an: starkrap@curiegym.de
2024-12-12 18:00:40 - ✅ QR-Code erfolgreich erstellt für: Marla Schmidt
2024-12-12 18:00:40 - ✅ QR-Code gespeichert unter: /Users/oscarstreich/httpdocs/winterball/qrcode/codes/qrcode_einlass_Marla Schmidt.png
2024-12-12 18:00:45 - ✅ E-Mail für Marla Schmidt erfolgreich mit QR-Code gesendet an: schmimar@curiegym.de
2024-12-12 18:18:16 - ✅ QR-Code erfolgreich erstellt für: Oscar Streich
2024-12-12 18:18:16 - ✅ QR-Code gespeichert unter: /Users/oscarstreich/httpdocs/winterball/qrcode/codes/qrcode_einlass_Oscar Streich.png
2024-12-12 18:18:25 - ✅ E-Mail für Oscar Streich erfolgreich mit QR-Code gesendet an: streiosc@curiegym.de
2024-12-12 18:18:27 - ✅ QR-Code erfolgreich erstellt für: Raphael Felix Stark
2024-12-12 18:18:27 - ✅ QR-Code gespeichert unter: /Users/oscarstreich/httpdocs/winterball/qrcode/codes/qrcode_einlass_Raphael Felix Stark.png
2024-12-12 18:18:34 - ✅ E-Mail für Raphael Felix Stark erfolgreich mit QR-Code gesendet an: starkrap@curiegym.de
2024-12-12 18:18:34 - ✅ QR-Code erfolgreich erstellt für: Marla Schmidt
2024-12-12 18:18:34 - ✅ QR-Code gespeichert unter: /Users/oscarstreich/httpdocs/winterball/qrcode/codes/qrcode_einlass_Marla Schmidt.png
2024-12-12 18:18:39 - ✅ E-Mail für Marla Schmidt erfolgreich mit QR-Code gesendet an: schmimar@curiegym.de
2024-12-12 18:21:42 - ✅ QR-Code erfolgreich erstellt für: Oscar Streich
2024-12-12 18:21:42 - ✅ QR-Code gespeichert unter: /Users/oscarstreich/httpdocs/winterball/qrcode/codes/qrcode_einlass_Oscar Streich.png
2024-12-12 18:21:47 - ✅ E-Mail für Oscar Streich erfolgreich mit QR-Code gesendet an: streiosc@curiegym.de
2024-12-12 18:21:47 - ✅ QR-Code erfolgreich erstellt für: Raphael Felix Stark
2024-12-12 18:21:47 - ✅ QR-Code gespeichert unter: /Users/oscarstreich/httpdocs/winterball/qrcode/codes/qrcode_einlass_Raphael Felix Stark.png
2024-12-12 18:21:53 - ✅ E-Mail für Raphael Felix Stark erfolgreich mit QR-Code gesendet an: starkrap@curiegym.de
2024-12-12 18:21:53 - ✅ QR-Code erfolgreich erstellt für: Marla Schmidt
2024-12-12 18:21:53 - ✅ QR-Code gespeichert unter: /Users/oscarstreich/httpdocs/winterball/qrcode/codes/qrcode_einlass_Marla Schmidt.png
2024-12-12 18:21:58 - ✅ E-Mail für Marla Schmidt erfolgreich mit QR-Code gesendet an: schmimar@curiegym.de
2024-12-12 18:27:17 - ✅ QR-Code erfolgreich erstellt für: Oscar Streich
2024-12-12 18:27:17 - ✅ QR-Code gespeichert unter: /Users/oscarstreich/httpdocs/winterball/qrcode/codes/qrcode_einlass_Oscar Streich.png
2024-12-12 18:27:22 - ✅ E-Mail für Oscar Streich erfolgreich mit QR-Code gesendet an: streiosc@curiegym.de
2024-12-12 18:27:22 - ✅ QR-Code erfolgreich erstellt für: Raphael Felix Stark
2024-12-12 18:27:22 - ✅ QR-Code gespeichert unter: /Users/oscarstreich/httpdocs/winterball/qrcode/codes/qrcode_einlass_Raphael Felix Stark.png
2024-12-12 18:27:27 - ✅ E-Mail für Raphael Felix Stark erfolgreich mit QR-Code gesendet an: starkrap@curiegym.de
2024-12-12 18:27:27 - ✅ QR-Code erfolgreich erstellt für: Marla Schmidt
2024-12-12 18:27:27 - ✅ QR-Code gespeichert unter: /Users/oscarstreich/httpdocs/winterball/qrcode/codes/qrcode_einlass_Marla Schmidt.png
2024-12-12 18:27:32 - ✅ E-Mail für Marla Schmidt erfolgreich mit QR-Code gesendet an: schmimar@curiegym.de
2024-12-13 11:08:53 - ✅ QR-Code erfolgreich erstellt für: Caroline Tittel
2024-12-13 11:08:53 - ✅ QR-Code gespeichert unter: /Users/oscarstreich/httpdocs/winterball/qrcode/codes/qrcode_einlass_Caroline Tittel.png
2024-12-13 11:08:59 - ✅ E-Mail für Caroline Tittel erfolgreich mit QR-Code gesendet an: titcar@curiegym.de
2024-12-13 11:26:07 - ✅ QR-Code erfolgreich erstellt für: Kaja Sophie Merten
2024-12-13 11:26:07 - ✅ QR-Code gespeichert unter: /Users/oscarstreich/httpdocs/winterball/qrcode/codes/qrcode_einlass_Kaja Sophie Merten.png
2024-12-13 11:26:07 - ❌ Fehler beim Versenden der E-Mail: Invalid address:  (to): mertekaj@curiegym
2024-12-13 11:26:39 - ✅ QR-Code erfolgreich erstellt für: Kaja Sophie Merten
2024-12-13 11:26:39 - ✅ QR-Code gespeichert unter: /Users/oscarstreich/httpdocs/winterball/qrcode/codes/qrcode_einlass_Kaja Sophie Merten.png
2024-12-13 11:26:44 - ✅ E-Mail für Kaja Sophie Merten erfolgreich mit QR-Code gesendet an: mertekaj@curiegym.de
2024-12-13 11:28:01 - ✅ QR-Code erfolgreich erstellt für: Flemming Schaumkessel
2024-12-13 11:28:01 - ✅ QR-Code gespeichert unter: /Users/oscarstreich/httpdocs/winterball/qrcode/codes/qrcode_einlass_Flemming Schaumkessel.png
2024-12-13 11:28:05 - ✅ E-Mail für Flemming Schaumkessel erfolgreich mit QR-Code gesendet an: flemmingschaumkessel@gmail.com
2024-12-13 12:20:25 - ✅ QR-Code erfolgreich erstellt für: Moritz Marco Paulick
2024-12-13 12:20:25 - ✅ QR-Code gespeichert unter: /Users/oscarstreich/httpdocs/winterball/qrcode/codes/qrcode_einlass_Moritz Marco Paulick.png
2024-12-13 12:20:30 - ✅ E-Mail für Moritz Marco Paulick erfolgreich mit QR-Code gesendet an: m.paulick07@icloud.com
